Determining if the pthread_create exist failed with the following output:
Change Dir: /home/totor/Documents/M2/IOT/Anjay/Client's PROJECT/ClientMult/CMakeFiles/CMakeTmp

Run Build Command:"/usr/bin/make" "cmTC_8e7d3/fast"
/usr/bin/make -f CMakeFiles/cmTC_8e7d3.dir/build.make CMakeFiles/cmTC_8e7d3.dir/build
make[1] : on entre dans le répertoire « /home/totor/Documents/M2/IOT/Anjay/Client's PROJECT/ClientMult/CMakeFiles/CMakeTmp »
Building C object CMakeFiles/cmTC_8e7d3.dir/CheckSymbolExists.c.o
/usr/bin/cc    -o CMakeFiles/cmTC_8e7d3.dir/CheckSymbolExists.c.o   -c "/home/totor/Documents/M2/IOT/Anjay/Client's PROJECT/ClientMult/CMakeFiles/CMakeTmp/CheckSymbolExists.c"
Linking C executable cmTC_8e7d3
/usr/bin/cmake -E cmake_link_script CMakeFiles/cmTC_8e7d3.dir/link.txt --verbose=1
/usr/bin/cc      -rdynamic CMakeFiles/cmTC_8e7d3.dir/CheckSymbolExists.c.o  -o cmTC_8e7d3 
CMakeFiles/cmTC_8e7d3.dir/CheckSymbolExists.c.o : Dans la fonction « main » :
CheckSymbolExists.c:(.text+0x1b) : référence indéfinie vers « pthread_create »
collect2: error: ld returned 1 exit status
CMakeFiles/cmTC_8e7d3.dir/build.make:97: recipe for target 'cmTC_8e7d3' failed
make[1]: *** [cmTC_8e7d3] Error 1
make[1] : on quitte le répertoire « /home/totor/Documents/M2/IOT/Anjay/Client's PROJECT/ClientMult/CMakeFiles/CMakeTmp »
Makefile:126: recipe for target 'cmTC_8e7d3/fast' failed
make: *** [cmTC_8e7d3/fast] Error 2

File /home/totor/Documents/M2/IOT/Anjay/Client's PROJECT/ClientMult/CMakeFiles/CMakeTmp/CheckSymbolExists.c:
/* */
#include <pthread.h>

int main(int argc, char** argv)
{
  (void)argv;
#ifndef pthread_create
  return ((int*)(&pthread_create))[argc];
#else
  (void)argc;
  return 0;
#endif
}

